<?xml version="1.0" encoding="UTF-8"?>
<!-- Generated by org.testng.reporters.JUnitReportReporter -->
<testsuite skipped="0" hostname="DESKTOP-BVHNE8J" name="tests.courseSearch" tests="4" failures="0" timestamp="2020-10-22T22:03:21 IST" time="88.735" errors="0">
  <testcase name="searchCourse" time="30.856" classname="tests.courseSearch"/>
  <testcase name="filterDetails" time="17.909" classname="tests.courseSearch"/>
  <testcase name="fillFormIncorrectData" time="26.537" classname="tests.courseSearch"/>
  <testcase name="fillFormCorrectData" time="13.433" classname="tests.courseSearch"/>
</testsuite> <!-- tests.courseSearch -->
